<?xml version="1.0" encoding="UTF-8"?>
<!-- Generated by org.testng.reporters.JUnitReportReporter -->
<testsuite hostname="DESKTOP-L3SGR2S" failures="0" tests="1" name="testCases.TC001_AccountRegistrationTest" time="2.787" errors="0" timestamp="2025-04-03T16:21:08 IST" skipped="0">
  <testcase classname="testCases.TC001_AccountRegistrationTest" name="verify_account_registration" time="2.787"/>
</testsuite> <!-- testCases.TC001_AccountRegistrationTest -->
