<?xml version="1.0" encoding="UTF-8"?>
<!-- Generated by org.testng.reporters.JUnitReportReporter -->
<testsuite hostname="DESKTOP-L3SGR2S" failures="0" tests="1" name="testCases.TC002_LoginTest" time="2.372" errors="0" timestamp="2025-04-03T16:21:08 IST" skipped="0">
  <testcase classname="testCases.TC002_LoginTest" name="verify_login" time="2.372"/>
</testsuite> <!-- testCases.TC002_LoginTest -->
